<?xml version="1.0" encoding="UTF-8"?>
<testng-results skipped="0" failed="0" total="1" passed="1">
  <reporter-output>
  </reporter-output>
  <suite name="Default suite" duration-ms="22665" started-at="2019-06-05T13:45:57Z" finished-at="2019-06-05T13:46:19Z">
    <groups>
    </groups>
    <test name="Default test" duration-ms="22665" started-at="2019-06-05T13:45:57Z" finished-at="2019-06-05T13:46:19Z">
      <class name="com.crm.qa.testcases.ContactsPageTest">
        <test-method status="PASS" signature="setUp()[pri:0, instance:com.crm.qa.testcases.ContactsPageTest@67b64c45]" name="setUp" is-config="true" duration-ms="21451" started-at="2019-06-05T19:15:57Z" finished-at="2019-06-05T19:16:18Z">
          <reporter-output>
          </reporter-output>
        </test-method> <!-- setUp -->
        <test-method status="PASS" signature="selectMultipleContactTest()[pri:3, instance:com.crm.qa.testcases.ContactsPageTest@67b64c45]" name="selectMultipleContactTest" duration-ms="332" started-at="2019-06-05T19:16:18Z" finished-at="2019-06-05T19:16:18Z">
          <reporter-output>
          </reporter-output>
        </test-method> <!-- selectMultipleContactTest -->
        <test-method status="PASS" signature="tearDown()[pri:0, instance:com.crm.qa.testcases.ContactsPageTest@67b64c45]" name="tearDown" is-config="true" duration-ms="843" started-at="2019-06-05T19:16:18Z" finished-at="2019-06-05T19:16:19Z">
          <reporter-output>
          </reporter-output>
        </test-method> <!-- tearDown -->
      </class> <!-- com.crm.qa.testcases.ContactsPageTest -->
    </test> <!-- Default test -->
  </suite> <!-- Default suite -->
</testng-results>
